<?xml version="1.0" ?>
<testsuite errors="0" failures="0" name="integration_suite1.Test_integration_suite1-20200804153447" tests="2" time="0.000">
	<testcase classname="integration_suite1.Test_integration_suite1" name="test_sample_0" time="0.000"/>
	<testcase classname="integration_suite1.Test_integration_suite1" name="test_sample_1" time="0.000"/>
	<system-out>
<![CDATA[]]>	</system-out>
	<system-err>
<![CDATA[]]>	</system-err>
</testsuite>
<?xml version="1.0" ?>
<testsuite errors="25" failures="0" name="integration_suite2.Test_integration_suite2-20200804153447" tests="102" time="0.004">
	<testcase classname="integration_suite2.Test_integration_suite2" name="test_sample_10" time="0.000"/>
	<testcase classname="integration_suite2.Test_integration_suite2" name="test_sample_101" time="0.000"/>
	<testcase classname="integration_suite2.Test_integration_suite2" name="test_sample_12" time="0.000"/>
	<testcase classname="integration_suite2.Test_integration_suite2" name="test_sample_13" time="0.000"/>
	<testcase classname="integration_suite2.Test_integration_suite2" name="test_sample_14" time="0.000"/>
	<testcase classname="integration_suite2.Test_integration_suite2" name="test_sample_17" time="0.000"/>
	<testcase classname="integration_suite2.Test_integration_suite2" name="test_sample_18" time="0.000"/>
	<testcase classname="integration_suite2.Test_integration_suite2" name="test_sample_21" time="0.000"/>
	<testcase classname="integration_suite2.Test_integration_suite2" name="test_sample_22" time="0.000"/>
	<testcase classname="integration_suite2.Test_integration_suite2" name="test_sample_23" time="0.000"/>
	<testcase classname="integration_suite2.Test_integration_suite2" name="test_sample_27" time="0.000"/>
	<testcase classname="integration_suite2.Test_integration_suite2" name="test_sample_28" time="0.000"/>
	<testcase classname="integration_suite2.Test_integration_suite2" name="test_sample_29" time="0.000"/>
	<testcase classname="integration_suite2.Test_integration_suite2" name="test_sample_30" time="0.000"/>
	<testcase classname="integration_suite2.Test_integration_suite2" name="test_sample_31" time="0.000"/>
	<testcase classname="integration_suite2.Test_integration_suite2" name="test_sample_32" time="0.000"/>
	<testcase classname="integration_suite2.Test_integration_suite2" name="test_sample_33" time="0.000"/>
	<testcase classname="integration_suite2.Test_integration_suite2" name="test_sample_35" time="0.000"/>
	<testcase classname="integration_suite2.Test_integration_suite2" name="test_sample_36" time="0.000"/>
	<testcase classname="integration_suite2.Test_integration_suite2" name="test_sample_37" time="0.000"/>
	<testcase classname="integration_suite2.Test_integration_suite2" name="test_sample_38" time="0.000"/>
	<testcase classname="integration_suite2.Test_integration_suite2" name="test_sample_40" time="0.000"/>
	<testcase classname="integration_suite2.Test_integration_suite2" name="test_sample_41" time="0.000"/>
	<testcase classname="integration_suite2.Test_integration_suite2" name="test_sample_42" time="0.000"/>
	<testcase classname="integration_suite2.Test_integration_suite2" name="test_sample_43" time="0.000"/>
	<testcase classname="integration_suite2.Test_integration_suite2" name="test_sample_44" time="0.000"/>
	<testcase classname="integration_suite2.Test_integration_suite2" name="test_sample_49" time="0.000"/>
	<testcase classname="integration_suite2.Test_integration_suite2" name="test_sample_53" time="0.000"/>
	<testcase classname="integration_suite2.Test_integration_suite2" name="test_sample_54" time="0.000"/>
	<testcase classname="integration_suite2.Test_integration_suite2" name="test_sample_55" time="0.000"/>
	<testcase classname="integration_suite2.Test_integration_suite2" name="test_sample_56" time="0.000"/>
	<testcase classname="integration_suite2.Test_integration_suite2" name="test_sample_57" time="0.000"/>
	<testcase classname="integration_suite2.Test_integration_suite2" name="test_sample_58" time="0.000"/>
	<testcase classname="integration_suite2.Test_integration_suite2" name="test_sample_59" time="0.000"/>
	<testcase classname="integration_suite2.Test_integration_suite2" name="test_sample_6" time="0.000"/>
	<testcase classname="integration_suite2.Test_integration_suite2" name="test_sample_60" time="0.000"/>
	<testcase classname="integration_suite2.Test_integration_suite2" name="test_sample_61" time="0.000"/>
	<testcase classname="integration_suite2.Test_integration_suite2" name="test_sample_65" time="0.000"/>
	<testcase classname="integration_suite2.Test_integration_suite2" name="test_sample_66" time="0.000"/>
	<testcase classname="integration_suite2.Test_integration_suite2" name="test_sample_67" time="0.000"/>
	<testcase classname="integration_suite2.Test_integration_suite2" name="test_sample_68" time="0.000"/>
	<testcase classname="integration_suite2.Test_integration_suite2" name="test_sample_70" time="0.000"/>
	<testcase classname="integration_suite2.Test_integration_suite2" name="test_sample_71" time="0.000"/>
	<testcase classname="integration_suite2.Test_integration_suite2" name="test_sample_72" time="0.000"/>
	<testcase classname="integration_suite2.Test_integration_suite2" name="test_sample_73" time="0.000"/>
	<testcase classname="integration_suite2.Test_integration_suite2" name="test_sample_74" time="0.000"/>
	<testcase classname="integration_suite2.Test_integration_suite2" name="test_sample_75" time="0.000"/>
	<testcase classname="integration_suite2.Test_integration_suite2" name="test_sample_76" time="0.000"/>
	<testcase classname="integration_suite2.Test_integration_suite2" name="test_sample_78" time="0.000"/>
	<testcase classname="integration_suite2.Test_integration_suite2" name="test_sample_79" time="0.000"/>
	<testcase classname="integration_suite2.Test_integration_suite2" name="test_sample_8" time="0.000"/>
	<testcase classname="integration_suite2.Test_integration_suite2" name="test_sample_80" time="0.000"/>
	<testcase classname="integration_suite2.Test_integration_suite2" name="test_sample_81" time="0.000"/>
	<testcase classname="integration_suite2.Test_integration_suite2" name="test_sample_83" time="0.000"/>
	<testcase classname="integration_suite2.Test_integration_suite2" name="test_sample_87" time="0.000"/>
	<testcase classname="integration_suite2.Test_integration_suite2" name="test_sample_88" time="0.000"/>
	<testcase classname="integration_suite2.Test_integration_suite2" name="test_sample_89" time="0.000"/>
	<testcase classname="integration_suite2.Test_integration_suite2" name="test_sample_90" time="0.000"/>
	<testcase classname="integration_suite2.Test_integration_suite2" name="test_sample_91" time="0.000"/>
	<testcase classname="integration_suite2.Test_integration_suite2" name="test_sample_92" time="0.000"/>
	<testcase classname="integration_suite2.Test_integration_suite2" name="test_sample_94" time="0.000"/>
	<testcase classname="integration_suite2.Test_integration_suite2" name="test_sample_95" time="0.000"/>
	<testcase classname="integration_suite2.Test_integration_suite2" name="test_sample_96" time="0.000"/>
	<testcase classname="integration_suite2.Test_integration_suite2" name="test_sample_97" time="0.000"/>
	<testcase classname="integration_suite2.Test_integration_suite2" name="test_sample_98" time="0.000"/>
	<testcase classname="integration_suite2.Test_integration_suite2" name="test_sample_99" time="0.000"/>
	<testcase classname="integration_suite2.Test_integration_suite2" name="test_sample_1" time="0.000">
		<error message="shouldn't happen" type="AssertionError">
<![CDATA[Traceback (most recent call last):
  File "/home/logic/_workspace/python-playlist/unittest-json-reporting-tryout/src/test/integration/integration_suite2.py", line 38, in test_sample_1
    self.fail("shouldn't happen")
AssertionError: shouldn't happen
]]>		</error>
	</testcase>
	<testcase classname="integration_suite2.Test_integration_suite2" name="test_sample_100" time="0.000">
		<error message="shouldn't happen" type="AssertionError">
<![CDATA[Traceback (most recent call last):
  File "/home/logic/_workspace/python-playlist/unittest-json-reporting-tryout/src/test/integration/integration_suite2.py", line 444, in test_sample_100
    self.fail("shouldn't happen")
AssertionError: shouldn't happen
]]>		</error>
	</testcase>
	<testcase classname="integration_suite2.Test_integration_suite2" name="test_sample_15" time="0.000">
		<error message="shouldn't happen" type="AssertionError">
<![CDATA[Traceback (most recent call last):
  File "/home/logic/_workspace/python-playlist/unittest-json-reporting-tryout/src/test/integration/integration_suite2.py", line 98, in test_sample_15
    self.fail("shouldn't happen")
AssertionError: shouldn't happen
]]>		</error>
	</testcase>
	<testcase classname="integration_suite2.Test_integration_suite2" name="test_sample_16" time="0.000">
		<error message="shouldn't happen" type="AssertionError">
<![CDATA[Traceback (most recent call last):
  File "/home/logic/_workspace/python-playlist/unittest-json-reporting-tryout/src/test/integration/integration_suite2.py", line 102, in test_sample_16
    self.fail("shouldn't happen")
AssertionError: shouldn't happen
]]>		</error>
	</testcase>
	<testcase classname="integration_suite2.Test_integration_suite2" name="test_sample_2" time="0.000">
		<error message="shouldn't happen" type="AssertionError">
<![CDATA[Traceback (most recent call last):
  File "/home/logic/_workspace/python-playlist/unittest-json-reporting-tryout/src/test/integration/integration_suite2.py", line 42, in test_sample_2
    self.fail("shouldn't happen")
AssertionError: shouldn't happen
]]>		</error>
	</testcase>
	<testcase classname="integration_suite2.Test_integration_suite2" name="test_sample_20" time="0.000">
		<error message="shouldn't happen" type="AssertionError">
<![CDATA[Traceback (most recent call last):
  File "/home/logic/_workspace/python-playlist/unittest-json-reporting-tryout/src/test/integration/integration_suite2.py", line 119, in test_sample_20
    self.fail("shouldn't happen")
AssertionError: shouldn't happen
]]>		</error>
	</testcase>
	<testcase classname="integration_suite2.Test_integration_suite2" name="test_sample_24" time="0.000">
		<error message="shouldn't happen" type="AssertionError">
<![CDATA[Traceback (most recent call last):
  File "/home/logic/_workspace/python-playlist/unittest-json-reporting-tryout/src/test/integration/integration_suite2.py", line 135, in test_sample_24
    self.fail("shouldn't happen")
AssertionError: shouldn't happen
]]>		</error>
	</testcase>
	<testcase classname="integration_suite2.Test_integration_suite2" name="test_sample_25" time="0.000">
		<error message="shouldn't happen" type="AssertionError">
<![CDATA[Traceback (most recent call last):
  File "/home/logic/_workspace/python-playlist/unittest-json-reporting-tryout/src/test/integration/integration_suite2.py", line 139, in test_sample_25
    self.fail("shouldn't happen")
AssertionError: shouldn't happen
]]>		</error>
	</testcase>
	<testcase classname="integration_suite2.Test_integration_suite2" name="test_sample_26" time="0.000">
		<error message="shouldn't happen" type="AssertionError">
<![CDATA[Traceback (most recent call last):
  File "/home/logic/_workspace/python-playlist/unittest-json-reporting-tryout/src/test/integration/integration_suite2.py", line 143, in test_sample_26
    self.fail("shouldn't happen")
AssertionError: shouldn't happen
]]>		</error>
	</testcase>
	<testcase classname="integration_suite2.Test_integration_suite2" name="test_sample_34" time="0.000">
		<error message="shouldn't happen" type="AssertionError">
<![CDATA[Traceback (most recent call last):
  File "/home/logic/_workspace/python-playlist/unittest-json-reporting-tryout/src/test/integration/integration_suite2.py", line 175, in test_sample_34
    self.fail("shouldn't happen")
AssertionError: shouldn't happen
]]>		</error>
	</testcase>
	<testcase classname="integration_suite2.Test_integration_suite2" name="test_sample_39" time="0.000">
		<error message="shouldn't happen" type="AssertionError">
<![CDATA[Traceback (most recent call last):
  File "/home/logic/_workspace/python-playlist/unittest-json-reporting-tryout/src/test/integration/integration_suite2.py", line 195, in test_sample_39
    self.fail("shouldn't happen")
AssertionError: shouldn't happen
]]>		</error>
	</testcase>
	<testcase classname="integration_suite2.Test_integration_suite2" name="test_sample_4" time="0.000">
		<error message="shouldn't happen" type="AssertionError">
<![CDATA[Traceback (most recent call last):
  File "/home/logic/_workspace/python-playlist/unittest-json-reporting-tryout/src/test/integration/integration_suite2.py", line 51, in test_sample_4
    self.fail("shouldn't happen")
AssertionError: shouldn't happen
]]>		</error>
	</testcase>
	<testcase classname="integration_suite2.Test_integration_suite2" name="test_sample_45" time="0.000">
		<error message="shouldn't happen" type="AssertionError">
<![CDATA[Traceback (most recent call last):
  File "/home/logic/_workspace/python-playlist/unittest-json-reporting-tryout/src/test/integration/integration_suite2.py", line 219, in test_sample_45
    self.fail("shouldn't happen")
AssertionError: shouldn't happen
]]>		</error>
	</testcase>
	<testcase classname="integration_suite2.Test_integration_suite2" name="test_sample_46" time="0.000">
		<error message="shouldn't happen" type="AssertionError">
<![CDATA[Traceback (most recent call last):
  File "/home/logic/_workspace/python-playlist/unittest-json-reporting-tryout/src/test/integration/integration_suite2.py", line 223, in test_sample_46
    self.fail("shouldn't happen")
AssertionError: shouldn't happen
]]>		</error>
	</testcase>
	<testcase classname="integration_suite2.Test_integration_suite2" name="test_sample_47" time="0.000">
		<error message="shouldn't happen" type="AssertionError">
<![CDATA[Traceback (most recent call last):
  File "/home/logic/_workspace/python-playlist/unittest-json-reporting-tryout/src/test/integration/integration_suite2.py", line 227, in test_sample_47
    self.fail("shouldn't happen")
AssertionError: shouldn't happen
]]>		</error>
	</testcase>
	<testcase classname="integration_suite2.Test_integration_suite2" name="test_sample_51" time="0.000">
		<error message="shouldn't happen" type="AssertionError">
<![CDATA[Traceback (most recent call last):
  File "/home/logic/_workspace/python-playlist/unittest-json-reporting-tryout/src/test/integration/integration_suite2.py", line 245, in test_sample_51
    self.fail("shouldn't happen")
AssertionError: shouldn't happen
]]>		</error>
	</testcase>
	<testcase classname="integration_suite2.Test_integration_suite2" name="test_sample_62" time="0.000">
		<error message="shouldn't happen" type="AssertionError">
<![CDATA[Traceback (most recent call last):
  File "/home/logic/_workspace/python-playlist/unittest-json-reporting-tryout/src/test/integration/integration_suite2.py", line 290, in test_sample_62
    self.fail("shouldn't happen")
AssertionError: shouldn't happen
]]>		</error>
	</testcase>
	<testcase classname="integration_suite2.Test_integration_suite2" name="test_sample_63" time="0.000">
		<error message="shouldn't happen" type="AssertionError">
<![CDATA[Traceback (most recent call last):
  File "/home/logic/_workspace/python-playlist/unittest-json-reporting-tryout/src/test/integration/integration_suite2.py", line 294, in test_sample_63
    self.fail("shouldn't happen")
AssertionError: shouldn't happen
]]>		</error>
	</testcase>
	<testcase classname="integration_suite2.Test_integration_suite2" name="test_sample_64" time="0.000">
		<error message="shouldn't happen" type="AssertionError">
<![CDATA[Traceback (most recent call last):
  File "/home/logic/_workspace/python-playlist/unittest-json-reporting-tryout/src/test/integration/integration_suite2.py", line 298, in test_sample_64
    self.fail("shouldn't happen")
AssertionError: shouldn't happen
]]>		</error>
	</testcase>
	<testcase classname="integration_suite2.Test_integration_suite2" name="test_sample_69" time="0.000">
		<error message="shouldn't happen" type="AssertionError">
<![CDATA[Traceback (most recent call last):
  File "/home/logic/_workspace/python-playlist/unittest-json-reporting-tryout/src/test/integration/integration_suite2.py", line 318, in test_sample_69
    self.fail("shouldn't happen")
AssertionError: shouldn't happen
]]>		</error>
	</testcase>
	<testcase classname="integration_suite2.Test_integration_suite2" name="test_sample_77" time="0.000">
		<error message="shouldn't happen" type="AssertionError">
<![CDATA[Traceback (most recent call last):
  File "/home/logic/_workspace/python-playlist/unittest-json-reporting-tryout/src/test/integration/integration_suite2.py", line 350, in test_sample_77
    self.fail("shouldn't happen")
AssertionError: shouldn't happen
]]>		</error>
	</testcase>
	<testcase classname="integration_suite2.Test_integration_suite2" name="test_sample_82" time="0.000">
		<error message="shouldn't happen" type="AssertionError">
<![CDATA[Traceback (most recent call last):
  File "/home/logic/_workspace/python-playlist/unittest-json-reporting-tryout/src/test/integration/integration_suite2.py", line 370, in test_sample_82
    self.fail("shouldn't happen")
AssertionError: shouldn't happen
]]>		</error>
	</testcase>
	<testcase classname="integration_suite2.Test_integration_suite2" name="test_sample_84" time="0.000">
		<error message="shouldn't happen" type="AssertionError">
<![CDATA[Traceback (most recent call last):
  File "/home/logic/_workspace/python-playlist/unittest-json-reporting-tryout/src/test/integration/integration_suite2.py", line 378, in test_sample_84
    self.fail("shouldn't happen")
AssertionError: shouldn't happen
]]>		</error>
	</testcase>
	<testcase classname="integration_suite2.Test_integration_suite2" name="test_sample_9" time="0.000">
		<error message="shouldn't happen" type="AssertionError">
<![CDATA[Traceback (most recent call last):
  File "/home/logic/_workspace/python-playlist/unittest-json-reporting-tryout/src/test/integration/integration_suite2.py", line 73, in test_sample_9
    self.fail("shouldn't happen")
AssertionError: shouldn't happen
]]>		</error>
	</testcase>
	<testcase classname="integration_suite2.Test_integration_suite2" name="test_sample_93" time="0.000">
		<error message="shouldn't happen" type="AssertionError">
<![CDATA[Traceback (most recent call last):
  File "/home/logic/_workspace/python-playlist/unittest-json-reporting-tryout/src/test/integration/integration_suite2.py", line 416, in test_sample_93
    self.fail("shouldn't happen")
AssertionError: shouldn't happen
]]>		</error>
	</testcase>
	<testcase classname="integration_suite2.Test_integration_suite2" name="test_sample_0" time="0.000">
		<skipped message="demonstrating skipping" type="skip"/>
	</testcase>
	<testcase classname="integration_suite2.Test_integration_suite2" name="test_sample_11" time="0.000">
		<skipped message="demonstrating skipping" type="skip"/>
	</testcase>
	<testcase classname="integration_suite2.Test_integration_suite2" name="test_sample_19" time="0.000">
		<skipped message="demonstrating skipping" type="skip"/>
	</testcase>
	<testcase classname="integration_suite2.Test_integration_suite2" name="test_sample_3" time="0.000">
		<skipped message="demonstrating skipping" type="skip"/>
	</testcase>
	<testcase classname="integration_suite2.Test_integration_suite2" name="test_sample_48" time="0.000">
		<skipped message="demonstrating skipping" type="skip"/>
	</testcase>
	<testcase classname="integration_suite2.Test_integration_suite2" name="test_sample_5" time="0.000">
		<skipped message="demonstrating skipping" type="skip"/>
	</testcase>
	<testcase classname="integration_suite2.Test_integration_suite2" name="test_sample_50" time="0.000">
		<skipped message="demonstrating skipping" type="skip"/>
	</testcase>
	<testcase classname="integration_suite2.Test_integration_suite2" name="test_sample_52" time="0.000">
		<skipped message="demonstrating skipping" type="skip"/>
	</testcase>
	<testcase classname="integration_suite2.Test_integration_suite2" name="test_sample_7" time="0.000">
		<skipped message="demonstrating skipping" type="skip"/>
	</testcase>
	<testcase classname="integration_suite2.Test_integration_suite2" name="test_sample_85" time="0.000">
		<skipped message="demonstrating skipping" type="skip"/>
	</testcase>
	<testcase classname="integration_suite2.Test_integration_suite2" name="test_sample_86" time="0.000">
		<skipped message="demonstrating skipping" type="skip"/>
	</testcase>
	<system-out>
<![CDATA[]]>	</system-out>
	<system-err>
<![CDATA[]]>	</system-err>
</testsuite>
